[2019-07-11T23:14:36.883] [ERROR] cheese - [Error: ENOENT: no such file or directory, open '/Users/lipeijuan/Documents/yideng/homework/round-04/dist/views/books/list.html'] {
  errno: -2,
  code: 'ENOENT',
  syscall: 'open',
  path: '/Users/lipeijuan/Documents/yideng/homework/round-04/dist/views/books/list.html'
}
[2019-07-11T23:14:46.373] [ERROR] cheese - [Error: ENOENT: no such file or directory, open '/Users/lipeijuan/Documents/yideng/homework/round-04/dist/views/books/list.html'] {
  errno: -2,
  code: 'ENOENT',
  syscall: 'open',
  path: '/Users/lipeijuan/Documents/yideng/homework/round-04/dist/views/books/list.html'
}
[2019-07-11T23:31:33.819] [ERROR] cheese - Error: Unable to parse "val['book_author'" on line 8 in file /Users/lipeijuan/Documents/yideng/homework/round-04/dist/views/books/list.html.
    at Object.exports.throwError (/Users/lipeijuan/Documents/yideng/homework/round-04/node_modules/swig-templates/lib/utils.js:188:9)
    at parseVariable (/Users/lipeijuan/Documents/yideng/homework/round-04/node_modules/swig-templates/lib/parser.js:613:13)
    at /Users/lipeijuan/Documents/yideng/homework/round-04/node_modules/swig-templates/lib/parser.js:770:15
    at Object.exports.each (/Users/lipeijuan/Documents/yideng/homework/round-04/node_modules/swig-templates/lib/utils.js:45:11)
    at Object.exports.parse (/Users/lipeijuan/Documents/yideng/homework/round-04/node_modules/swig-templates/lib/parser.js:755:9)
    at exports.Swig.parse (/Users/lipeijuan/Documents/yideng/homework/round-04/node_modules/swig-templates/lib/swig.js:383:19)
    at exports.Swig.precompile (/Users/lipeijuan/Documents/yideng/homework/round-04/node_modules/swig-templates/lib/swig.js:526:23)
    at exports.Swig.compile (/Users/lipeijuan/Documents/yideng/homework/round-04/node_modules/swig-templates/lib/swig.js:651:16)
    at /Users/lipeijuan/Documents/yideng/homework/round-04/node_modules/swig-templates/lib/swig.js:729:27
    at FSReqCallback.readFileAfterClose [as oncomplete] (internal/fs/read_file_context.js:61:3)
[2019-07-11T23:31:45.596] [ERROR] cheese - Error: Unable to parse "val['book_author'" on line 8 in file /Users/lipeijuan/Documents/yideng/homework/round-04/dist/views/books/list.html.
    at Object.exports.throwError (/Users/lipeijuan/Documents/yideng/homework/round-04/node_modules/swig-templates/lib/utils.js:188:9)
    at parseVariable (/Users/lipeijuan/Documents/yideng/homework/round-04/node_modules/swig-templates/lib/parser.js:613:13)
    at /Users/lipeijuan/Documents/yideng/homework/round-04/node_modules/swig-templates/lib/parser.js:770:15
    at Object.exports.each (/Users/lipeijuan/Documents/yideng/homework/round-04/node_modules/swig-templates/lib/utils.js:45:11)
    at Object.exports.parse (/Users/lipeijuan/Documents/yideng/homework/round-04/node_modules/swig-templates/lib/parser.js:755:9)
    at exports.Swig.parse (/Users/lipeijuan/Documents/yideng/homework/round-04/node_modules/swig-templates/lib/swig.js:383:19)
    at exports.Swig.precompile (/Users/lipeijuan/Documents/yideng/homework/round-04/node_modules/swig-templates/lib/swig.js:526:23)
    at exports.Swig.compile (/Users/lipeijuan/Documents/yideng/homework/round-04/node_modules/swig-templates/lib/swig.js:651:16)
    at /Users/lipeijuan/Documents/yideng/homework/round-04/node_modules/swig-templates/lib/swig.js:729:27
    at FSReqCallback.readFileAfterClose [as oncomplete] (internal/fs/read_file_context.js:61:3)
[2019-07-11T23:31:51.365] [ERROR] cheese - Error: Unable to parse "val['book_author'" on line 8 in file /Users/lipeijuan/Documents/yideng/homework/round-04/dist/views/books/list.html.
    at Object.exports.throwError (/Users/lipeijuan/Documents/yideng/homework/round-04/node_modules/swig-templates/lib/utils.js:188:9)
    at parseVariable (/Users/lipeijuan/Documents/yideng/homework/round-04/node_modules/swig-templates/lib/parser.js:613:13)
    at /Users/lipeijuan/Documents/yideng/homework/round-04/node_modules/swig-templates/lib/parser.js:770:15
    at Object.exports.each (/Users/lipeijuan/Documents/yideng/homework/round-04/node_modules/swig-templates/lib/utils.js:45:11)
    at Object.exports.parse (/Users/lipeijuan/Documents/yideng/homework/round-04/node_modules/swig-templates/lib/parser.js:755:9)
    at exports.Swig.parse (/Users/lipeijuan/Documents/yideng/homework/round-04/node_modules/swig-templates/lib/swig.js:383:19)
    at exports.Swig.precompile (/Users/lipeijuan/Documents/yideng/homework/round-04/node_modules/swig-templates/lib/swig.js:526:23)
    at exports.Swig.compile (/Users/lipeijuan/Documents/yideng/homework/round-04/node_modules/swig-templates/lib/swig.js:651:16)
    at /Users/lipeijuan/Documents/yideng/homework/round-04/node_modules/swig-templates/lib/swig.js:729:27
    at FSReqCallback.readFileAfterClose [as oncomplete] (internal/fs/read_file_context.js:61:3)
