[2019-06-15T22:02:54.890] [ERROR] cheese - ReferenceError: Books is not defined
    at actionIndex (/Users/yuanzhijia/Desktop/yd-books/controllers/IndexController.js:5:23)
    at dispatch (/Users/yuanzhijia/Desktop/yd-books/node_modules/koa-simple-router/index.js:186:18)
    at Router._lookup (/Users/yuanzhijia/Desktop/yd-books/node_modules/koa-simple-router/index.js:198:12)
    at /Users/yuanzhijia/Desktop/yd-books/node_modules/koa-simple-router/index.js:138:21
    at dispatch (/Users/yuanzhijia/Desktop/yd-books/node_modules/koa/node_modules/koa-compose/index.js:42:32)
    at app.use (/Users/yuanzhijia/Desktop/yd-books/middlewares/errorHandler.js:14:19)
    at dispatch (/Users/yuanzhijia/Desktop/yd-books/node_modules/koa/node_modules/koa-compose/index.js:42:32)
    at app.use (/Users/yuanzhijia/Desktop/yd-books/middlewares/errorHandler.js:5:23)
    at dispatch (/Users/yuanzhijia/Desktop/yd-books/node_modules/koa/node_modules/koa-compose/index.js:42:32)
    at serve (/Users/yuanzhijia/Desktop/yd-books/node_modules/koa-static/index.js:53:15)
[2019-06-22T20:27:02.106] [ERROR] cheese - { code: 1, message: '❎node-fetch请求数据失败', data: [] }
[2019-06-22T20:27:18.223] [ERROR] cheese - { code: 1, message: '❎node-fetch请求数据失败', data: [] }
[2019-06-22T20:27:19.290] [ERROR] cheese - { code: 1, message: '❎node-fetch请求数据失败', data: [] }
[2019-06-22T20:27:25.485] [ERROR] cheese - { code: 1, message: '❎node-fetch请求数据失败', data: [] }
[2019-06-22T20:27:25.927] [ERROR] cheese - { code: 1, message: '❎node-fetch请求数据失败', data: [] }
[2019-06-22T20:28:09.927] [ERROR] cheese - { code: 1, message: '❎node-fetch请求数据失败', data: [] }
[2019-06-22T20:28:10.526] [ERROR] cheese - { code: 1, message: '❎node-fetch请求数据失败', data: [] }
[2019-06-22T20:28:10.701] [ERROR] cheese - { code: 1, message: '❎node-fetch请求数据失败', data: [] }
[2019-06-22T20:29:09.030] [ERROR] cheese - { code: 1, message: '❎node-fetch请求数据失败', data: [] }
[2019-06-22T20:29:09.708] [ERROR] cheese - { code: 1, message: '❎node-fetch请求数据失败', data: [] }
[2019-06-22T20:29:09.914] [ERROR] cheese - { code: 1, message: '❎node-fetch请求数据失败', data: [] }
[2019-06-22T20:35:44.192] [ERROR] cheese - { code: 1, message: '❎node-fetch请求数据失败', data: [] }
[2019-06-22T20:35:44.704] [ERROR] cheese - { code: 1, message: '❎node-fetch请求数据失败', data: [] }
[2019-06-22T20:35:44.887] [ERROR] cheese - { code: 1, message: '❎node-fetch请求数据失败', data: [] }
[2019-06-22T20:50:40.633] [ERROR] cheese - { code: 1, message: '❎node-fetch请求数据失败', data: [] }
[2019-06-22T20:50:41.233] [ERROR] cheese - { code: 1, message: '❎node-fetch请求数据失败', data: [] }
[2019-06-22T20:50:41.465] [ERROR] cheese - { code: 1, message: '❎node-fetch请求数据失败', data: [] }
[2019-06-22T20:50:41.657] [ERROR] cheese - { code: 1, message: '❎node-fetch请求数据失败', data: [] }
[2019-06-22T20:50:41.833] [ERROR] cheese - { code: 1, message: '❎node-fetch请求数据失败', data: [] }
[2019-06-22T20:53:20.561] [ERROR] cheese - { code: 1, message: '❎node-fetch请求数据失败', data: [] }
[2019-06-22T20:54:27.209] [ERROR] cheese - { code: 1, message: '❎node-fetch请求数据失败', data: [] }
[2019-06-22T20:54:28.212] [ERROR] cheese - { code: 1, message: '❎node-fetch请求数据失败', data: [] }
[2019-06-22T20:54:28.493] [ERROR] cheese - { code: 1, message: '❎node-fetch请求数据失败', data: [] }
[2019-06-22T20:54:29.025] [ERROR] cheese - { code: 1, message: '❎node-fetch请求数据失败', data: [] }
[2019-06-22T20:54:29.259] [ERROR] cheese - { code: 1, message: '❎node-fetch请求数据失败', data: [] }
[2019-06-22T20:56:11.005] [ERROR] cheese - { code: 1, message: '❎node-fetch请求数据失败', data: [] }
[2019-06-22T20:56:11.912] [ERROR] cheese - { code: 1, message: '❎node-fetch请求数据失败', data: [] }
[2019-06-22T20:56:12.143] [ERROR] cheese - { code: 1, message: '❎node-fetch请求数据失败', data: [] }
[2019-06-22T20:56:12.343] [ERROR] cheese - { code: 1, message: '❎node-fetch请求数据失败', data: [] }
[2019-06-22T20:56:12.559] [ERROR] cheese - { code: 1, message: '❎node-fetch请求数据失败', data: [] }
[2019-06-22T20:56:12.751] [ERROR] cheese - { code: 1, message: '❎node-fetch请求数据失败', data: [] }
[2019-06-22T20:56:32.489] [ERROR] cheese - { code: 1, message: '❎node-fetch请求数据失败', data: [] }
[2019-06-22T20:58:01.836] [ERROR] cheese - { code: 1, message: '❎node-fetch请求数据失败', data: [] }
[2019-06-22T20:58:04.706] [ERROR] cheese - { code: 1, message: '❎node-fetch请求数据失败', data: [] }
[2019-06-22T21:09:36.650] [ERROR] cheese - { code: 1, message: '❎node-fetch请求数据失败', data: [] }
[2019-06-22T21:09:37.562] [ERROR] cheese - { code: 1, message: '❎node-fetch请求数据失败', data: [] }
[2019-06-22T21:09:37.785] [ERROR] cheese - { code: 1, message: '❎node-fetch请求数据失败', data: [] }
[2019-06-22T21:12:04.178] [ERROR] cheese - { code: 1, message: '❎node-fetch请求数据失败', data: [] }
[2019-06-22T21:12:04.846] [ERROR] cheese - { code: 1, message: '❎node-fetch请求数据失败', data: [] }
[2019-06-22T21:12:05.110] [ERROR] cheese - { code: 1, message: '❎node-fetch请求数据失败', data: [] }
[2019-06-22T21:12:05.344] [ERROR] cheese - { code: 1, message: '❎node-fetch请求数据失败', data: [] }
[2019-06-22T21:18:30.545] [ERROR] cheese - { code: 1, message: '❎node-fetch请求数据失败', data: [] }
[2019-06-22T21:21:32.405] [ERROR] cheese - { code: 1, message: '❎node-fetch请求数据失败', data: [] }
[2019-06-22T21:24:35.136] [ERROR] cheese - { code: 1, message: '❎node-fetch请求数据失败', data: [] }
[2019-06-22T21:28:29.543] [ERROR] cheese - { code: 1, message: '❎node-fetch请求数据失败', data: [] }
[2019-06-22T21:28:54.614] [ERROR] cheese - { code: 1, message: '❎node-fetch请求数据失败', data: [] }
[2019-06-22T21:28:54.618] [ERROR] cheese - { code: 1, message: '❎node-fetch请求数据失败', data: [] }
[2019-06-22T21:28:54.681] [ERROR] cheese - { code: 1, message: '❎node-fetch请求数据失败', data: [] }
[2019-06-22T21:28:54.683] [ERROR] cheese - { code: 1, message: '❎node-fetch请求数据失败', data: [] }
[2019-06-22T21:28:54.698] [ERROR] cheese - { code: 1, message: '❎node-fetch请求数据失败', data: [] }
[2019-06-22T21:29:40.338] [ERROR] cheese - { code: 1, message: '❎node-fetch请求数据失败', data: [] }
[2019-06-22T21:32:33.022] [ERROR] cheese - { code: 1, message: '❎node-fetch请求数据失败', data: [] }
[2019-06-22T21:47:09.287] [ERROR] cheese - { code: 1, message: '❎node-fetch请求数据失败', data: [] }
[2019-06-22T21:47:09.820] [ERROR] cheese - { code: 1, message: '❎node-fetch请求数据失败', data: [] }
[2019-06-22T21:47:10.028] [ERROR] cheese - { code: 1, message: '❎node-fetch请求数据失败', data: [] }
[2019-06-22T21:47:10.227] [ERROR] cheese - { code: 1, message: '❎node-fetch请求数据失败', data: [] }
[2019-06-22T21:47:24.196] [ERROR] cheese - { code: 1, message: '❎node-fetch请求数据失败', data: [] }
[2019-06-22T21:48:52.380] [ERROR] cheese - { code: 1, message: '❎node-fetch请求数据失败', data: [] }
[2019-06-22T21:48:53.136] [ERROR] cheese - { code: 1, message: '❎node-fetch请求数据失败', data: [] }
[2019-06-22T21:48:53.369] [ERROR] cheese - { code: 1, message: '❎node-fetch请求数据失败', data: [] }
[2019-06-22T21:49:49.715] [ERROR] cheese - { code: 1, message: '❎node-fetch请求数据失败', data: [] }
[2019-06-22T21:50:52.875] [ERROR] cheese - { code: 1, message: '❎node-fetch请求数据失败', data: [] }
[2019-06-22T21:55:59.978] [ERROR] cheese - { code: 1, message: '❎node-fetch请求数据失败', data: [] }
[2019-06-22T21:56:23.294] [ERROR] cheese - { code: 1, message: '❎node-fetch请求数据失败', data: [] }
[2019-06-22T22:28:18.117] [ERROR] cheese - { code: 1, message: '❎node-fetch请求数据失败', data: [] }
[2019-06-22T22:29:56.944] [ERROR] cheese - { code: 1, message: '❎node-fetch请求数据失败', data: [] }
[2019-06-22T22:29:57.485] [ERROR] cheese - { code: 1, message: '❎node-fetch请求数据失败', data: [] }
[2019-06-22T22:29:57.706] [ERROR] cheese - { code: 1, message: '❎node-fetch请求数据失败', data: [] }
[2019-06-22T22:29:57.891] [ERROR] cheese - { code: 1, message: '❎node-fetch请求数据失败', data: [] }
[2019-06-22T22:30:18.618] [ERROR] cheese - { code: 1, message: '❎node-fetch请求数据失败', data: [] }
[2019-06-22T22:32:05.808] [ERROR] cheese - { code: 1, message: '❎node-fetch请求数据失败', data: [] }
[2019-06-22T22:32:06.315] [ERROR] cheese - { code: 1, message: '❎node-fetch请求数据失败', data: [] }
[2019-06-22T22:32:06.529] [ERROR] cheese - { code: 1, message: '❎node-fetch请求数据失败', data: [] }
[2019-06-22T22:33:14.555] [ERROR] cheese - { code: 1, message: '❎node-fetch请求数据失败', data: [] }
[2019-06-22T22:33:32.795] [ERROR] cheese - { code: 1, message: '❎node-fetch请求数据失败', data: [] }
[2019-06-22T22:34:02.500] [ERROR] cheese - { code: 1, message: '❎node-fetch请求数据失败', data: [] }
[2019-06-22T22:34:34.573] [ERROR] cheese - { code: 1, message: '❎node-fetch请求数据失败', data: [] }
[2019-06-22T22:36:25.859] [ERROR] cheese - { code: 1, message: '❎node-fetch请求数据失败', data: [] }
[2019-06-22T22:36:30.979] [ERROR] cheese - { code: 1, message: '❎node-fetch请求数据失败', data: [] }
[2019-06-22T22:39:43.451] [ERROR] cheese - { code: 1, message: '❎node-fetch请求数据失败', data: [] }
[2019-06-22T22:40:15.056] [ERROR] cheese - { code: 1, message: '❎node-fetch请求数据失败', data: [] }
[2019-06-22T22:45:45.861] [ERROR] cheese - { code: 1, message: '❎node-fetch请求数据失败', data: [] }
[2019-06-22T22:49:27.316] [ERROR] cheese - { code: 1, message: '❎node-fetch请求数据失败', data: [] }
[2019-06-22T22:52:01.050] [ERROR] cheese - ReferenceError: body is not defined
    at /Users/lipeijuan/Documents/yideng/homework/round-03/utils/SafeRequest.js:17:38
    at new Promise (<anonymous>)
    at SafeRequest.fetch (/Users/lipeijuan/Documents/yideng/homework/round-03/utils/SafeRequest.js:14:16)
    at Books.getData (/Users/lipeijuan/Documents/yideng/homework/round-03/models/Books.js:27:28)
    at actionList (/Users/lipeijuan/Documents/yideng/homework/round-03/controllers/BooksController.js:8:36)
    at dispatch (/Users/lipeijuan/Documents/yideng/homework/round-03/node_modules/koa-simple-router/index.js:186:18)
    at Router._lookup (/Users/lipeijuan/Documents/yideng/homework/round-03/node_modules/koa-simple-router/index.js:198:12)
    at /Users/lipeijuan/Documents/yideng/homework/round-03/node_modules/koa-simple-router/index.js:138:21
    at dispatch (/Users/lipeijuan/Documents/yideng/homework/round-03/node_modules/koa-compose/index.js:42:32)
    at /Users/lipeijuan/Documents/yideng/homework/round-03/middlewares/errorHandler.js:14:19
[2019-06-22T22:52:01.935] [ERROR] cheese - ReferenceError: body is not defined
    at /Users/lipeijuan/Documents/yideng/homework/round-03/utils/SafeRequest.js:17:38
    at new Promise (<anonymous>)
    at SafeRequest.fetch (/Users/lipeijuan/Documents/yideng/homework/round-03/utils/SafeRequest.js:14:16)
    at Books.getData (/Users/lipeijuan/Documents/yideng/homework/round-03/models/Books.js:27:28)
    at actionList (/Users/lipeijuan/Documents/yideng/homework/round-03/controllers/BooksController.js:8:36)
    at dispatch (/Users/lipeijuan/Documents/yideng/homework/round-03/node_modules/koa-simple-router/index.js:186:18)
    at Router._lookup (/Users/lipeijuan/Documents/yideng/homework/round-03/node_modules/koa-simple-router/index.js:198:12)
    at /Users/lipeijuan/Documents/yideng/homework/round-03/node_modules/koa-simple-router/index.js:138:21
    at dispatch (/Users/lipeijuan/Documents/yideng/homework/round-03/node_modules/koa-compose/index.js:42:32)
    at /Users/lipeijuan/Documents/yideng/homework/round-03/middlewares/errorHandler.js:14:19
[2019-06-22T22:52:02.310] [ERROR] cheese - ReferenceError: body is not defined
    at /Users/lipeijuan/Documents/yideng/homework/round-03/utils/SafeRequest.js:17:38
    at new Promise (<anonymous>)
    at SafeRequest.fetch (/Users/lipeijuan/Documents/yideng/homework/round-03/utils/SafeRequest.js:14:16)
    at Books.getData (/Users/lipeijuan/Documents/yideng/homework/round-03/models/Books.js:27:28)
    at actionList (/Users/lipeijuan/Documents/yideng/homework/round-03/controllers/BooksController.js:8:36)
    at dispatch (/Users/lipeijuan/Documents/yideng/homework/round-03/node_modules/koa-simple-router/index.js:186:18)
    at Router._lookup (/Users/lipeijuan/Documents/yideng/homework/round-03/node_modules/koa-simple-router/index.js:198:12)
    at /Users/lipeijuan/Documents/yideng/homework/round-03/node_modules/koa-simple-router/index.js:138:21
    at dispatch (/Users/lipeijuan/Documents/yideng/homework/round-03/node_modules/koa-compose/index.js:42:32)
    at /Users/lipeijuan/Documents/yideng/homework/round-03/middlewares/errorHandler.js:14:19
[2019-06-22T22:52:02.581] [ERROR] cheese - ReferenceError: body is not defined
    at /Users/lipeijuan/Documents/yideng/homework/round-03/utils/SafeRequest.js:17:38
    at new Promise (<anonymous>)
    at SafeRequest.fetch (/Users/lipeijuan/Documents/yideng/homework/round-03/utils/SafeRequest.js:14:16)
    at Books.getData (/Users/lipeijuan/Documents/yideng/homework/round-03/models/Books.js:27:28)
    at actionList (/Users/lipeijuan/Documents/yideng/homework/round-03/controllers/BooksController.js:8:36)
    at dispatch (/Users/lipeijuan/Documents/yideng/homework/round-03/node_modules/koa-simple-router/index.js:186:18)
    at Router._lookup (/Users/lipeijuan/Documents/yideng/homework/round-03/node_modules/koa-simple-router/index.js:198:12)
    at /Users/lipeijuan/Documents/yideng/homework/round-03/node_modules/koa-simple-router/index.js:138:21
    at dispatch (/Users/lipeijuan/Documents/yideng/homework/round-03/node_modules/koa-compose/index.js:42:32)
    at /Users/lipeijuan/Documents/yideng/homework/round-03/middlewares/errorHandler.js:14:19
[2019-06-22T22:53:15.521] [ERROR] cheese - { code: 1, message: '❎node-fetch请求数据失败', data: [] }
[2019-06-22T22:53:27.541] [ERROR] cheese - { code: 1, message: '❎node-fetch请求数据失败', data: [] }
[2019-06-22T23:00:00.678] [ERROR] cheese - { code: 1, message: '❎node-fetch请求数据失败', data: [] }
[2019-06-22T23:01:32.606] [ERROR] cheese - { code: 1, message: '❎node-fetch请求数据失败', data: [] }
[2019-06-22T23:02:29.732] [ERROR] cheese - { code: 1, message: '❎node-fetch请求数据失败', data: [] }
[2019-06-22T23:02:30.501] [ERROR] cheese - { code: 1, message: '❎node-fetch请求数据失败', data: [] }
[2019-06-22T23:02:48.606] [ERROR] cheese - { code: 1, message: '❎node-fetch请求数据失败', data: [] }
[2019-06-22T23:02:48.610] [ERROR] cheese - { code: 1, message: '❎node-fetch请求数据失败', data: [] }
[2019-06-22T23:03:49.045] [ERROR] cheese - { code: 1, message: '❎node-fetch请求数据失败', data: [] }
[2019-06-22T23:04:23.334] [ERROR] cheese - { code: 1, message: '❎node-fetch请求数据失败', data: [] }
[2019-06-22T23:45:47.986] [ERROR] cheese - { code: 1, message: '❎node-fetch请求数据失败', data: [] }
[2019-06-23T09:43:21.174] [ERROR] cheese - [Error: ENOENT: no such file or directory, open '/Users/lipeijuan/Documents/yideng/homework/round-03/server/views/books/list.html'] {
  errno: -2,
  code: 'ENOENT',
  syscall: 'open',
  path: '/Users/lipeijuan/Documents/yideng/homework/round-03/server/views/books/list.html'
}
[2019-06-23T09:43:21.853] [ERROR] cheese - [Error: ENOENT: no such file or directory, open '/Users/lipeijuan/Documents/yideng/homework/round-03/server/views/books/list.html'] {
  errno: -2,
  code: 'ENOENT',
  syscall: 'open',
  path: '/Users/lipeijuan/Documents/yideng/homework/round-03/server/views/books/list.html'
}
[2019-06-23T09:54:33.787] [ERROR] cheese - [Error: ENOENT: no such file or directory, open '/Users/lipeijuan/Documents/yideng/homework/round-03/server/views/books/list.html'] {
  errno: -2,
  code: 'ENOENT',
  syscall: 'open',
  path: '/Users/lipeijuan/Documents/yideng/homework/round-03/server/views/books/list.html'
}
[2019-06-23T09:54:34.867] [ERROR] cheese - [Error: ENOENT: no such file or directory, open '/Users/lipeijuan/Documents/yideng/homework/round-03/server/views/books/list.html'] {
  errno: -2,
  code: 'ENOENT',
  syscall: 'open',
  path: '/Users/lipeijuan/Documents/yideng/homework/round-03/server/views/books/list.html'
}
[2019-06-23T09:54:35.202] [ERROR] cheese - [Error: ENOENT: no such file or directory, open '/Users/lipeijuan/Documents/yideng/homework/round-03/server/views/books/list.html'] {
  errno: -2,
  code: 'ENOENT',
  syscall: 'open',
  path: '/Users/lipeijuan/Documents/yideng/homework/round-03/server/views/books/list.html'
}
[2019-06-23T09:54:35.425] [ERROR] cheese - [Error: ENOENT: no such file or directory, open '/Users/lipeijuan/Documents/yideng/homework/round-03/server/views/books/list.html'] {
  errno: -2,
  code: 'ENOENT',
  syscall: 'open',
  path: '/Users/lipeijuan/Documents/yideng/homework/round-03/server/views/books/list.html'
}
[2019-06-23T09:54:35.654] [ERROR] cheese - [Error: ENOENT: no such file or directory, open '/Users/lipeijuan/Documents/yideng/homework/round-03/server/views/books/list.html'] {
  errno: -2,
  code: 'ENOENT',
  syscall: 'open',
  path: '/Users/lipeijuan/Documents/yideng/homework/round-03/server/views/books/list.html'
}
[2019-06-23T09:55:13.458] [ERROR] cheese - [Error: ENOENT: no such file or directory, open '/Users/lipeijuan/Documents/yideng/homework/round-03/server/views/books/list.html'] {
  errno: -2,
  code: 'ENOENT',
  syscall: 'open',
  path: '/Users/lipeijuan/Documents/yideng/homework/round-03/server/views/books/list.html'
}
[2019-06-23T09:55:14.095] [ERROR] cheese - [Error: ENOENT: no such file or directory, open '/Users/lipeijuan/Documents/yideng/homework/round-03/server/views/books/list.html'] {
  errno: -2,
  code: 'ENOENT',
  syscall: 'open',
  path: '/Users/lipeijuan/Documents/yideng/homework/round-03/server/views/books/list.html'
}
[2019-06-23T09:55:14.360] [ERROR] cheese - [Error: ENOENT: no such file or directory, open '/Users/lipeijuan/Documents/yideng/homework/round-03/server/views/books/list.html'] {
  errno: -2,
  code: 'ENOENT',
  syscall: 'open',
  path: '/Users/lipeijuan/Documents/yideng/homework/round-03/server/views/books/list.html'
}
[2019-06-23T10:04:03.880] [ERROR] cheese - [Error: ENOENT: no such file or directory, open '/Users/lipeijuan/Documents/yideng/homework/round-03/src/server/views/books/list.html'] {
  errno: -2,
  code: 'ENOENT',
  syscall: 'open',
  path: '/Users/lipeijuan/Documents/yideng/homework/round-03/src/server/views/books/list.html'
}
[2019-06-23T10:06:42.260] [ERROR] cheese - [Error: ENOENT: no such file or directory, open '/Users/lipeijuan/Documents/yideng/homework/round-03/src/web/books/list.html'] {
  errno: -2,
  code: 'ENOENT',
  syscall: 'open',
  path: '/Users/lipeijuan/Documents/yideng/homework/round-03/src/web/books/list.html'
}
[2019-06-23T10:30:11.087] [ERROR] cheese - { code: 1, message: '❎node-fetch请求数据失败', data: [] }
[2019-06-23T10:47:23.687] [ERROR] cheese - { code: 1, message: '❎node-fetch请求数据失败', data: [] }
[2019-06-23T12:29:14.045] [ERROR] cheese - [Error: ENOENT: no such file or directory, open '/Users/lipeijuan/Documents/yideng/homework/round-03/src/server/views/books/list.html'] {
  errno: -2,
  code: 'ENOENT',
  syscall: 'open',
  path: '/Users/lipeijuan/Documents/yideng/homework/round-03/src/server/views/books/list.html'
}
[2019-06-23T12:29:15.476] [ERROR] cheese - [Error: ENOENT: no such file or directory, open '/Users/lipeijuan/Documents/yideng/homework/round-03/src/server/views/books/list.html'] {
  errno: -2,
  code: 'ENOENT',
  syscall: 'open',
  path: '/Users/lipeijuan/Documents/yideng/homework/round-03/src/server/views/books/list.html'
}
[2019-06-23T12:29:31.927] [ERROR] cheese - [Error: ENOENT: no such file or directory, open '/Users/lipeijuan/Documents/yideng/homework/round-03/src/server/views/books/list.html'] {
  errno: -2,
  code: 'ENOENT',
  syscall: 'open',
  path: '/Users/lipeijuan/Documents/yideng/homework/round-03/src/server/views/books/list.html'
}
[2019-06-23T12:30:42.140] [ERROR] cheese - [Error: ENOENT: no such file or directory, open '/Users/lipeijuan/Documents/yideng/homework/round-03/src/server/views/books/list.html'] {
  errno: -2,
  code: 'ENOENT',
  syscall: 'open',
  path: '/Users/lipeijuan/Documents/yideng/homework/round-03/src/server/views/books/list.html'
}
[2019-06-23T12:31:49.341] [ERROR] cheese - [Error: ENOENT: no such file or directory, open '/Users/lipeijuan/Documents/yideng/homework/round-03/src/server/views/books/list.html'] {
  errno: -2,
  code: 'ENOENT',
  syscall: 'open',
  path: '/Users/lipeijuan/Documents/yideng/homework/round-03/src/server/views/books/list.html'
}
[2019-06-23T12:32:08.190] [ERROR] cheese - [Error: ENOENT: no such file or directory, open '/Users/lipeijuan/Documents/yideng/homework/round-03/src/server/views/books/list.html'] {
  errno: -2,
  code: 'ENOENT',
  syscall: 'open',
  path: '/Users/lipeijuan/Documents/yideng/homework/round-03/src/server/views/books/list.html'
}
[2019-06-23T13:16:39.863] [ERROR] cheese - [Error: ENOENT: no such file or directory, open '/Users/lipeijuan/Documents/yideng/homework/round-03/src/server/views/books/index.html'] {
  errno: -2,
  code: 'ENOENT',
  syscall: 'open',
  path: '/Users/lipeijuan/Documents/yideng/homework/round-03/src/server/views/books/index.html'
}
[2019-06-23T23:25:25.493] [ERROR] cheese - [Error: ENOENT: no such file or directory, open '/Users/lipeijuan/Documents/yideng/homework/round-03/src/server/views/books/index.html'] {
  errno: -2,
  code: 'ENOENT',
  syscall: 'open',
  path: '/Users/lipeijuan/Documents/yideng/homework/round-03/src/server/views/books/index.html'
}
